{"/Users/dmitrywhite/pcs/js_immersion/week6/jsi-express-testing-examples/app.js":{"path":"/Users/dmitrywhite/pcs/js_immersion/week6/jsi-express-testing-examples/app.js","s":{"1":1,"2":1,"3":1,"4":1,"5":1,"6":1,"7":1,"8":1,"9":1,"10":1,"11":1,"12":1,"13":0,"14":0,"15":0,"16":0},"b":{"1":[0,1],"2":[0,0],"3":[0,0]},"f":{"1":1,"2":0},"fnMap":{"1":{"name":"(anonymous_1)","line":7,"loc":{"start":{"line":7,"column":30},"end":{"line":7,"column":41}}},"2":{"name":"(anonymous_2)","line":30,"loc":{"start":{"line":30,"column":24},"end":{"line":30,"column":35}}}},"statementMap":{"1":{"start":{"line":3,"column":0},"end":{"line":3,"column":33}},"2":{"start":{"line":4,"column":0},"end":{"line":4,"column":33}},"3":{"start":{"line":5,"column":0},"end":{"line":5,"column":27}},"4":{"start":{"line":7,"column":0},"end":{"line":25,"column":2}},"5":{"start":{"line":8,"column":2},"end":{"line":8,"column":22}},"6":{"start":{"line":10,"column":2},"end":{"line":10,"column":32}},"7":{"start":{"line":11,"column":2},"end":{"line":11,"column":58}},"8":{"start":{"line":13,"column":2},"end":{"line":13,"column":29}},"9":{"start":{"line":15,"column":2},"end":{"line":17,"column":30}},"10":{"start":{"line":19,"column":2},"end":{"line":22,"column":33}},"11":{"start":{"line":24,"column":2},"end":{"line":24,"column":13}},"12":{"start":{"line":27,"column":0},"end":{"line":33,"column":1}},"13":{"start":{"line":28,"column":2},"end":{"line":28,"column":50}},"14":{"start":{"line":29,"column":2},"end":{"line":29,"column":38}},"15":{"start":{"line":30,"column":2},"end":{"line":32,"column":5}},"16":{"start":{"line":31,"column":4},"end":{"line":31,"column":59}}},"branchMap":{"1":{"line":27,"type":"if","locations":[{"start":{"line":27,"column":0},"end":{"line":27,"column":0}},{"start":{"line":27,"column":0},"end":{"line":27,"column":0}}]},"2":{"line":28,"type":"binary-expr","locations":[{"start":{"line":28,"column":12},"end":{"line":28,"column":32}},{"start":{"line":28,"column":36},"end":{"line":28,"column":49}}]},"3":{"line":29,"type":"binary-expr","locations":[{"start":{"line":29,"column":13},"end":{"line":29,"column":29}},{"start":{"line":29,"column":33},"end":{"line":29,"column":37}}]}}},"/Users/dmitrywhite/pcs/js_immersion/week6/jsi-express-testing-examples/routes/index.js":{"path":"/Users/dmitrywhite/pcs/js_immersion/week6/jsi-express-testing-examples/routes/index.js","s":{"1":1,"2":1,"3":2},"b":{},"f":{"1":2},"fnMap":{"1":{"name":"(anonymous_1)","line":5,"loc":{"start":{"line":5,"column":16},"end":{"line":5,"column":35}}}},"statementMap":{"1":{"start":{"line":3,"column":0},"end":{"line":3,"column":37}},"2":{"start":{"line":5,"column":0},"end":{"line":7,"column":2}},"3":{"start":{"line":6,"column":2},"end":{"line":6,"column":61}}},"branchMap":{}},"/Users/dmitrywhite/pcs/js_immersion/week6/jsi-express-testing-examples/routes/people.js":{"path":"/Users/dmitrywhite/pcs/js_immersion/week6/jsi-express-testing-examples/routes/people.js","s":{"1":1,"2":1,"3":2,"4":1,"5":6,"6":5,"7":1,"8":1,"9":1,"10":2,"11":2,"12":1,"13":1,"14":1,"15":0},"b":{"1":[5,1],"2":[6,4,3,2]},"f":{"1":2,"2":6,"3":2,"4":1,"5":0},"fnMap":{"1":{"name":"(anonymous_1)","line":5,"loc":{"start":{"line":5,"column":15},"end":{"line":5,"column":34}}},"2":{"name":"(anonymous_2)","line":11,"loc":{"start":{"line":11,"column":17},"end":{"line":11,"column":36}}},"3":{"name":"(anonymous_3)","line":29,"loc":{"start":{"line":29,"column":15},"end":{"line":29,"column":34}}},"4":{"name":"(anonymous_4)","line":36,"loc":{"start":{"line":36,"column":17},"end":{"line":36,"column":36}}},"5":{"name":"(anonymous_5)","line":40,"loc":{"start":{"line":40,"column":18},"end":{"line":40,"column":37}}}},"statementMap":{"1":{"start":{"line":3,"column":0},"end":{"line":3,"column":26}},"2":{"start":{"line":5,"column":0},"end":{"line":9,"column":2}},"3":{"start":{"line":6,"column":2},"end":{"line":8,"column":10}},"4":{"start":{"line":11,"column":0},"end":{"line":27,"column":2}},"5":{"start":{"line":12,"column":2},"end":{"line":15,"column":50}},"6":{"start":{"line":15,"column":27},"end":{"line":15,"column":48}},"7":{"start":{"line":17,"column":2},"end":{"line":22,"column":4}},"8":{"start":{"line":24,"column":2},"end":{"line":26,"column":10}},"9":{"start":{"line":29,"column":0},"end":{"line":34,"column":2}},"10":{"start":{"line":30,"column":2},"end":{"line":30,"column":44}},"11":{"start":{"line":31,"column":2},"end":{"line":33,"column":10}},"12":{"start":{"line":36,"column":0},"end":{"line":38,"column":2}},"13":{"start":{"line":37,"column":2},"end":{"line":37,"column":15}},"14":{"start":{"line":40,"column":0},"end":{"line":42,"column":2}},"15":{"start":{"line":41,"column":2},"end":{"line":41,"column":15}}},"branchMap":{"1":{"line":12,"type":"if","locations":[{"start":{"line":12,"column":2},"end":{"line":12,"column":2}},{"start":{"line":12,"column":2},"end":{"line":12,"column":2}}]},"2":{"line":12,"type":"binary-expr","locations":[{"start":{"line":12,"column":6},"end":{"line":12,"column":15}},{"start":{"line":13,"column":6},"end":{"line":13,"column":25}},{"start":{"line":14,"column":6},"end":{"line":14,"column":24}},{"start":{"line":15,"column":6},"end":{"line":15,"column":23}}]}}},"/Users/dmitrywhite/pcs/js_immersion/week6/jsi-express-testing-examples/db.js":{"path":"/Users/dmitrywhite/pcs/js_immersion/week6/jsi-express-testing-examples/db.js","s":{"1":1,"2":1,"3":1,"4":1,"5":0,"6":0,"7":1,"8":2,"9":1,"10":2,"11":1,"12":0,"13":0,"14":1,"15":0,"16":1,"17":1,"18":1,"19":0,"20":0,"21":1,"22":1,"23":0,"24":1,"25":0,"26":1,"27":0,"28":0,"29":0,"30":0},"b":{"1":[2,1],"2":[1,1],"3":[0,0],"4":[0,0]},"f":{"1":0,"2":0,"3":2,"4":2,"5":0,"6":0,"7":1,"8":0,"9":0,"10":1,"11":0,"12":0,"13":0,"14":0},"fnMap":{"1":{"name":"(anonymous_1)","line":7,"loc":{"start":{"line":7,"column":12},"end":{"line":7,"column":36}}},"2":{"name":"(anonymous_2)","line":8,"loc":{"start":{"line":8,"column":24},"end":{"line":8,"column":45}}},"3":{"name":"(anonymous_3)","line":13,"loc":{"start":{"line":13,"column":14},"end":{"line":13,"column":29}}},"4":{"name":"(anonymous_4)","line":17,"loc":{"start":{"line":17,"column":14},"end":{"line":17,"column":31}}},"5":{"name":"(anonymous_5)","line":21,"loc":{"start":{"line":21,"column":15},"end":{"line":21,"column":48}}},"6":{"name":"(anonymous_6)","line":26,"loc":{"start":{"line":26,"column":17},"end":{"line":26,"column":42}}},"7":{"name":"(anonymous_7)","line":30,"loc":{"start":{"line":30,"column":14},"end":{"line":30,"column":39}}},"8":{"name":"(anonymous_8)","line":34,"loc":{"start":{"line":34,"column":15},"end":{"line":34,"column":43}}},"9":{"name":"(anonymous_9)","line":35,"loc":{"start":{"line":35,"column":45},"end":{"line":35,"column":67}}},"10":{"name":"(anonymous_10)","line":40,"loc":{"start":{"line":40,"column":18},"end":{"line":40,"column":46}}},"11":{"name":"(anonymous_11)","line":41,"loc":{"start":{"line":41,"column":47},"end":{"line":41,"column":69}}},"12":{"name":"(anonymous_12)","line":46,"loc":{"start":{"line":46,"column":16},"end":{"line":46,"column":27}}},"13":{"name":"(anonymous_13)","line":50,"loc":{"start":{"line":50,"column":19},"end":{"line":50,"column":30}}},"14":{"name":"(anonymous_14)","line":51,"loc":{"start":{"line":51,"column":34},"end":{"line":51,"column":60}}}},"statementMap":{"1":{"start":{"line":3,"column":0},"end":{"line":3,"column":26}},"2":{"start":{"line":4,"column":0},"end":{"line":4,"column":21}},"3":{"start":{"line":5,"column":0},"end":{"line":5,"column":21}},"4":{"start":{"line":7,"column":0},"end":{"line":11,"column":2}},"5":{"start":{"line":8,"column":2},"end":{"line":10,"column":5}},"6":{"start":{"line":9,"column":4},"end":{"line":9,"column":33}},"7":{"start":{"line":13,"column":0},"end":{"line":15,"column":2}},"8":{"start":{"line":14,"column":2},"end":{"line":14,"column":57}},"9":{"start":{"line":17,"column":0},"end":{"line":19,"column":2}},"10":{"start":{"line":18,"column":2},"end":{"line":18,"column":63}},"11":{"start":{"line":21,"column":0},"end":{"line":24,"column":2}},"12":{"start":{"line":22,"column":2},"end":{"line":22,"column":26}},"13":{"start":{"line":23,"column":2},"end":{"line":23,"column":51}},"14":{"start":{"line":26,"column":0},"end":{"line":28,"column":2}},"15":{"start":{"line":27,"column":2},"end":{"line":27,"column":51}},"16":{"start":{"line":30,"column":0},"end":{"line":32,"column":2}},"17":{"start":{"line":31,"column":2},"end":{"line":31,"column":42}},"18":{"start":{"line":34,"column":0},"end":{"line":38,"column":2}},"19":{"start":{"line":35,"column":2},"end":{"line":37,"column":6}},"20":{"start":{"line":36,"column":4},"end":{"line":36,"column":32}},"21":{"start":{"line":40,"column":0},"end":{"line":44,"column":2}},"22":{"start":{"line":41,"column":2},"end":{"line":43,"column":6}},"23":{"start":{"line":42,"column":4},"end":{"line":42,"column":32}},"24":{"start":{"line":46,"column":0},"end":{"line":48,"column":2}},"25":{"start":{"line":47,"column":2},"end":{"line":47,"column":39}},"26":{"start":{"line":50,"column":0},"end":{"line":56,"column":2}},"27":{"start":{"line":51,"column":2},"end":{"line":53,"column":9}},"28":{"start":{"line":52,"column":4},"end":{"line":52,"column":47}},"29":{"start":{"line":54,"column":2},"end":{"line":54,"column":22}},"30":{"start":{"line":55,"column":2},"end":{"line":55,"column":29}}},"branchMap":{"1":{"line":14,"type":"binary-expr","locations":[{"start":{"line":14,"column":10},"end":{"line":14,"column":27}},{"start":{"line":14,"column":32},"end":{"line":14,"column":54}}]},"2":{"line":18,"type":"cond-expr","locations":[{"start":{"line":18,"column":18},"end":{"line":18,"column":27}},{"start":{"line":18,"column":30},"end":{"line":18,"column":62}}]},"3":{"line":47,"type":"binary-expr","locations":[{"start":{"line":47,"column":10},"end":{"line":47,"column":26}},{"start":{"line":47,"column":31},"end":{"line":47,"column":38}}]},"4":{"line":55,"type":"cond-expr","locations":[{"start":{"line":55,"column":18},"end":{"line":55,"column":19}},{"start":{"line":55,"column":22},"end":{"line":55,"column":28}}]}}}}